2024-02-15T01:00:17.087Z [Modules] Modules initializing
2024-02-15T01:00:17.087Z [Modules] Distribution: remote
2024-02-15T01:00:17.087Z [Modules] Host updates: enabled
2024-02-15T01:00:17.087Z [Modules] Module updates: enabled
2024-02-15T01:00:17.087Z [Modules] Module install path: /home/nic/.config/discord/0.0.42/modules
2024-02-15T01:00:17.087Z [Modules] Module installed file path: /home/nic/.config/discord/0.0.42/modules/installed.json
2024-02-15T01:00:17.088Z [Modules] Module download path: /home/nic/.config/discord/0.0.42/modules/pending
2024-02-15T01:00:17.275Z [Modules] Bootstrapping...
2024-02-15T01:00:17.276Z [Modules] Installing discord_desktop_core@0 from /usr/lib64/discord/resources/bootstrap/discord_desktop_core.zip
2024-02-15T01:00:17.279Z [Modules] Failed installing discord_desktop_core@0: Error: ENOENT: no such file or directory, open '/usr/lib64/discord/resources/bootstrap/discord_desktop_core.zip'
2024-02-15T01:00:17.279Z [Modules] Installing discord_erlpack@0 from /usr/lib64/discord/resources/bootstrap/discord_erlpack.zip
2024-02-15T01:00:17.283Z [Modules] Failed installing discord_erlpack@0: Error: ENOENT: no such file or directory, open '/usr/lib64/discord/resources/bootstrap/discord_erlpack.zip'
2024-02-15T01:00:17.284Z [Modules] Installing discord_spellcheck@0 from /usr/lib64/discord/resources/bootstrap/discord_spellcheck.zip
2024-02-15T01:00:17.287Z [Modules] Failed installing discord_spellcheck@0: Error: ENOENT: no such file or directory, open '/usr/lib64/discord/resources/bootstrap/discord_spellcheck.zip'
2024-02-15T01:00:17.287Z [Modules] Installing discord_utils@0 from /usr/lib64/discord/resources/bootstrap/discord_utils.zip
2024-02-15T01:00:17.293Z [Modules] Failed installing discord_utils@0: Error: ENOENT: no such file or directory, open '/usr/lib64/discord/resources/bootstrap/discord_utils.zip'
2024-02-15T01:00:17.293Z [Modules] Installing discord_voice@0 from /usr/lib64/discord/resources/bootstrap/discord_voice.zip
2024-02-15T01:00:17.295Z [Modules] Failed installing discord_voice@0: Error: ENOENT: no such file or directory, open '/usr/lib64/discord/resources/bootstrap/discord_voice.zip'
2024-02-15T01:00:17.296Z [Modules] Finished module installations. [success: 0] [failure: 5]
2024-02-15T01:00:17.296Z [Modules] Checking for host updates.
2024-02-15T01:00:17.568Z [Modules] Host update is available. Manual update required!
2024-02-15T01:00:58.830Z [Modules] Modules initializing
2024-02-15T01:00:58.830Z [Modules] Distribution: remote
2024-02-15T01:00:58.830Z [Modules] Host updates: enabled
2024-02-15T01:00:58.830Z [Modules] Module updates: enabled
2024-02-15T01:00:58.830Z [Modules] Module install path: /home/nic/.config/discord/0.0.42/modules
2024-02-15T01:00:58.831Z [Modules] Module installed file path: /home/nic/.config/discord/0.0.42/modules/installed.json
2024-02-15T01:00:58.831Z [Modules] Module download path: /home/nic/.config/discord/0.0.42/modules/pending
2024-02-15T01:00:59.011Z [Modules] No updates to install
2024-02-15T01:00:59.012Z [Modules] Checking for host updates.
2024-02-15T01:00:59.320Z [Modules] Host update is available. Manual update required!
2024-02-15T01:01:44.581Z [Modules] Modules initializing
2024-02-15T01:01:44.581Z [Modules] Distribution: remote
2024-02-15T01:01:44.581Z [Modules] Host updates: enabled
2024-02-15T01:01:44.581Z [Modules] Module updates: enabled
2024-02-15T01:01:44.582Z [Modules] Module install path: /home/nic/.config/discord/0.0.42/modules
2024-02-15T01:01:44.582Z [Modules] Module installed file path: /home/nic/.config/discord/0.0.42/modules/installed.json
2024-02-15T01:01:44.582Z [Modules] Module download path: /home/nic/.config/discord/0.0.42/modules/pending
2024-02-15T01:01:44.754Z [Modules] No updates to install
2024-02-15T01:01:44.755Z [Modules] Checking for host updates.
2024-02-15T01:01:45.036Z [Modules] Host update is available. Manual update required!
